<?xml version="1.0" encoding="UTF-8"?>
<!-- Generated by org.testng.reporters.JUnitReportReporter -->
<testsuite hostname="IDGINC-1Z6ML86" failures="0" tests="3" name="tests.CreateUsersFromCSVTest" time="3.197" errors="0" timestamp="2025-06-08T18:52:00 EDT" skipped="0">
  <testcase classname="tests.CreateUsersFromCSVTest" name="createUserFromCSV" time="0.289"/>
  <testcase classname="tests.CreateUsersFromCSVTest" name="createUserFromCSV" time="2.614"/>
  <testcase classname="tests.CreateUsersFromCSVTest" name="createUserFromCSV" time="0.294"/>
</testsuite> <!-- tests.CreateUsersFromCSVTest -->
