<?xml version="1.0" encoding="UTF-8"?>
<!-- Generated by org.testng.reporters.JUnitReportReporter -->
<testsuite hostname="IDGINC-1Z6ML86" failures="0" tests="1" name="tests.LoginTest" time="9.909" errors="0" timestamp="2025-06-08T12:43:04 EDT" skipped="0">
  <testcase classname="tests.LoginTest" name="testValidLogin" time="9.909"/>
</testsuite> <!-- tests.LoginTest -->
