<?xml version="1.0" encoding="UTF-8"?>
<!-- Generated by org.testng.reporters.JUnitReportReporter -->
<testsuite hostname="IDGINC-1Z6ML86" failures="0" tests="1" name="tests.CreateUserTest" time="2.880" errors="0" timestamp="2025-06-08T14:39:47 EDT" skipped="0">
  <testcase classname="tests.CreateUserTest" name="testCreateUser" time="2.880"/>
</testsuite> <!-- tests.CreateUserTest -->
