<?xml version="1.0" encoding="UTF-8"?>
<!-- Generated by org.testng.reporters.JUnitReportReporter -->
<testsuite hostname="IDGINC-1Z6ML86" failures="0" tests="1" name="tests.UserApiTest" time="2.556" errors="0" timestamp="2025-06-08T14:31:09 EDT" skipped="0">
  <testcase classname="tests.UserApiTest" name="testGetSingleUser" time="2.556"/>
</testsuite> <!-- tests.UserApiTest -->
